2015-05-26T05:50:16+00:00 ERR (3): Warning: SimpleXMLElement::__construct(): Entity: line 1: parser error : Space required after the Public Identifier  in /Users/olegstupak/Documents/Projects/4market.de/dev.4market.de/galerieschiene.net/app/code/core/Mage/AdminNotification/Model/Feed.php on line 173
2015-05-26T05:50:16+00:00 ERR (3): Warning: SimpleXMLElement::__construct(): &lt;!DOCTYPE HTML PUBLIC &quot;-//IETF//DTD HTML 2.0//EN&quot;&gt;  in /Users/olegstupak/Documents/Projects/4market.de/dev.4market.de/galerieschiene.net/app/code/core/Mage/AdminNotification/Model/Feed.php on line 173
2015-05-26T05:50:16+00:00 ERR (3): Warning: SimpleXMLElement::__construct():                                                  ^  in /Users/olegstupak/Documents/Projects/4market.de/dev.4market.de/galerieschiene.net/app/code/core/Mage/AdminNotification/Model/Feed.php on line 173
2015-05-26T05:50:16+00:00 ERR (3): Warning: SimpleXMLElement::__construct(): Entity: line 1: parser error : SystemLiteral &quot; or ' expected  in /Users/olegstupak/Documents/Projects/4market.de/dev.4market.de/galerieschiene.net/app/code/core/Mage/AdminNotification/Model/Feed.php on line 173
2015-05-26T05:50:16+00:00 ERR (3): Warning: SimpleXMLElement::__construct(): &lt;!DOCTYPE HTML PUBLIC &quot;-//IETF//DTD HTML 2.0//EN&quot;&gt;  in /Users/olegstupak/Documents/Projects/4market.de/dev.4market.de/galerieschiene.net/app/code/core/Mage/AdminNotification/Model/Feed.php on line 173
2015-05-26T05:50:16+00:00 ERR (3): Warning: SimpleXMLElement::__construct():                                                  ^  in /Users/olegstupak/Documents/Projects/4market.de/dev.4market.de/galerieschiene.net/app/code/core/Mage/AdminNotification/Model/Feed.php on line 173
2015-05-26T05:50:16+00:00 ERR (3): Warning: SimpleXMLElement::__construct(): Entity: line 1: parser error : SYSTEM or PUBLIC, the URI is missing  in /Users/olegstupak/Documents/Projects/4market.de/dev.4market.de/galerieschiene.net/app/code/core/Mage/AdminNotification/Model/Feed.php on line 173
2015-05-26T05:50:16+00:00 ERR (3): Warning: SimpleXMLElement::__construct(): &lt;!DOCTYPE HTML PUBLIC &quot;-//IETF//DTD HTML 2.0//EN&quot;&gt;  in /Users/olegstupak/Documents/Projects/4market.de/dev.4market.de/galerieschiene.net/app/code/core/Mage/AdminNotification/Model/Feed.php on line 173
2015-05-26T05:50:16+00:00 ERR (3): Warning: SimpleXMLElement::__construct():                                                  ^  in /Users/olegstupak/Documents/Projects/4market.de/dev.4market.de/galerieschiene.net/app/code/core/Mage/AdminNotification/Model/Feed.php on line 173
2015-05-26T05:50:16+00:00 ERR (3): Warning: SimpleXMLElement::__construct(): Entity: line 9: parser error : Opening and ending tag mismatch: hr line 7 and body  in /Users/olegstupak/Documents/Projects/4market.de/dev.4market.de/galerieschiene.net/app/code/core/Mage/AdminNotification/Model/Feed.php on line 173
2015-05-26T05:50:16+00:00 ERR (3): Warning: SimpleXMLElement::__construct(): &lt;/body&gt;&lt;/html&gt;  in /Users/olegstupak/Documents/Projects/4market.de/dev.4market.de/galerieschiene.net/app/code/core/Mage/AdminNotification/Model/Feed.php on line 173
2015-05-26T05:50:16+00:00 ERR (3): Warning: SimpleXMLElement::__construct():        ^  in /Users/olegstupak/Documents/Projects/4market.de/dev.4market.de/galerieschiene.net/app/code/core/Mage/AdminNotification/Model/Feed.php on line 173
2015-05-26T05:50:16+00:00 ERR (3): Warning: SimpleXMLElement::__construct(): Entity: line 9: parser error : Opening and ending tag mismatch: body line 4 and html  in /Users/olegstupak/Documents/Projects/4market.de/dev.4market.de/galerieschiene.net/app/code/core/Mage/AdminNotification/Model/Feed.php on line 173
2015-05-26T05:50:16+00:00 ERR (3): Warning: SimpleXMLElement::__construct(): &lt;/body&gt;&lt;/html&gt;  in /Users/olegstupak/Documents/Projects/4market.de/dev.4market.de/galerieschiene.net/app/code/core/Mage/AdminNotification/Model/Feed.php on line 173
2015-05-26T05:50:16+00:00 ERR (3): Warning: SimpleXMLElement::__construct():               ^  in /Users/olegstupak/Documents/Projects/4market.de/dev.4market.de/galerieschiene.net/app/code/core/Mage/AdminNotification/Model/Feed.php on line 173
2015-05-26T05:50:16+00:00 ERR (3): Warning: SimpleXMLElement::__construct(): Entity: line 9: parser error : Premature end of data in tag html line 2  in /Users/olegstupak/Documents/Projects/4market.de/dev.4market.de/galerieschiene.net/app/code/core/Mage/AdminNotification/Model/Feed.php on line 173
2015-05-26T05:50:16+00:00 ERR (3): Warning: SimpleXMLElement::__construct(): &lt;/body&gt;&lt;/html&gt;  in /Users/olegstupak/Documents/Projects/4market.de/dev.4market.de/galerieschiene.net/app/code/core/Mage/AdminNotification/Model/Feed.php on line 173
2015-05-26T05:50:16+00:00 ERR (3): Warning: SimpleXMLElement::__construct():               ^  in /Users/olegstupak/Documents/Projects/4market.de/dev.4market.de/galerieschiene.net/app/code/core/Mage/AdminNotification/Model/Feed.php on line 173
2015-05-26T09:07:02+00:00 ERR (3): Warning: SimpleXMLElement::__construct(): Entity: line 1: parser error : Space required after the Public Identifier  in /Users/olegstupak/Documents/Projects/4market.de/dev.4market.de/galerieschiene.net/app/code/core/Mage/AdminNotification/Model/Feed.php on line 173
2015-05-26T09:07:02+00:00 ERR (3): Warning: SimpleXMLElement::__construct(): &lt;!DOCTYPE HTML PUBLIC &quot;-//IETF//DTD HTML 2.0//EN&quot;&gt;  in /Users/olegstupak/Documents/Projects/4market.de/dev.4market.de/galerieschiene.net/app/code/core/Mage/AdminNotification/Model/Feed.php on line 173
2015-05-26T09:07:02+00:00 ERR (3): Warning: SimpleXMLElement::__construct():                                                  ^  in /Users/olegstupak/Documents/Projects/4market.de/dev.4market.de/galerieschiene.net/app/code/core/Mage/AdminNotification/Model/Feed.php on line 173
2015-05-26T09:07:02+00:00 ERR (3): Warning: SimpleXMLElement::__construct(): Entity: line 1: parser error : SystemLiteral &quot; or ' expected  in /Users/olegstupak/Documents/Projects/4market.de/dev.4market.de/galerieschiene.net/app/code/core/Mage/AdminNotification/Model/Feed.php on line 173
2015-05-26T09:07:02+00:00 ERR (3): Warning: SimpleXMLElement::__construct(): &lt;!DOCTYPE HTML PUBLIC &quot;-//IETF//DTD HTML 2.0//EN&quot;&gt;  in /Users/olegstupak/Documents/Projects/4market.de/dev.4market.de/galerieschiene.net/app/code/core/Mage/AdminNotification/Model/Feed.php on line 173
2015-05-26T09:07:02+00:00 ERR (3): Warning: SimpleXMLElement::__construct():                                                  ^  in /Users/olegstupak/Documents/Projects/4market.de/dev.4market.de/galerieschiene.net/app/code/core/Mage/AdminNotification/Model/Feed.php on line 173
2015-05-26T09:07:02+00:00 ERR (3): Warning: SimpleXMLElement::__construct(): Entity: line 1: parser error : SYSTEM or PUBLIC, the URI is missing  in /Users/olegstupak/Documents/Projects/4market.de/dev.4market.de/galerieschiene.net/app/code/core/Mage/AdminNotification/Model/Feed.php on line 173
2015-05-26T09:07:02+00:00 ERR (3): Warning: SimpleXMLElement::__construct(): &lt;!DOCTYPE HTML PUBLIC &quot;-//IETF//DTD HTML 2.0//EN&quot;&gt;  in /Users/olegstupak/Documents/Projects/4market.de/dev.4market.de/galerieschiene.net/app/code/core/Mage/AdminNotification/Model/Feed.php on line 173
2015-05-26T09:07:02+00:00 ERR (3): Warning: SimpleXMLElement::__construct():                                                  ^  in /Users/olegstupak/Documents/Projects/4market.de/dev.4market.de/galerieschiene.net/app/code/core/Mage/AdminNotification/Model/Feed.php on line 173
2015-05-26T09:07:02+00:00 ERR (3): Warning: SimpleXMLElement::__construct(): Entity: line 9: parser error : Opening and ending tag mismatch: hr line 7 and body  in /Users/olegstupak/Documents/Projects/4market.de/dev.4market.de/galerieschiene.net/app/code/core/Mage/AdminNotification/Model/Feed.php on line 173
2015-05-26T09:07:02+00:00 ERR (3): Warning: SimpleXMLElement::__construct(): &lt;/body&gt;&lt;/html&gt;  in /Users/olegstupak/Documents/Projects/4market.de/dev.4market.de/galerieschiene.net/app/code/core/Mage/AdminNotification/Model/Feed.php on line 173
2015-05-26T09:07:02+00:00 ERR (3): Warning: SimpleXMLElement::__construct():        ^  in /Users/olegstupak/Documents/Projects/4market.de/dev.4market.de/galerieschiene.net/app/code/core/Mage/AdminNotification/Model/Feed.php on line 173
2015-05-26T09:07:02+00:00 ERR (3): Warning: SimpleXMLElement::__construct(): Entity: line 9: parser error : Opening and ending tag mismatch: body line 4 and html  in /Users/olegstupak/Documents/Projects/4market.de/dev.4market.de/galerieschiene.net/app/code/core/Mage/AdminNotification/Model/Feed.php on line 173
2015-05-26T09:07:02+00:00 ERR (3): Warning: SimpleXMLElement::__construct(): &lt;/body&gt;&lt;/html&gt;  in /Users/olegstupak/Documents/Projects/4market.de/dev.4market.de/galerieschiene.net/app/code/core/Mage/AdminNotification/Model/Feed.php on line 173
2015-05-26T09:07:02+00:00 ERR (3): Warning: SimpleXMLElement::__construct():               ^  in /Users/olegstupak/Documents/Projects/4market.de/dev.4market.de/galerieschiene.net/app/code/core/Mage/AdminNotification/Model/Feed.php on line 173
2015-05-26T09:07:02+00:00 ERR (3): Warning: SimpleXMLElement::__construct(): Entity: line 9: parser error : Premature end of data in tag html line 2  in /Users/olegstupak/Documents/Projects/4market.de/dev.4market.de/galerieschiene.net/app/code/core/Mage/AdminNotification/Model/Feed.php on line 173
2015-05-26T09:07:02+00:00 ERR (3): Warning: SimpleXMLElement::__construct(): &lt;/body&gt;&lt;/html&gt;  in /Users/olegstupak/Documents/Projects/4market.de/dev.4market.de/galerieschiene.net/app/code/core/Mage/AdminNotification/Model/Feed.php on line 173
2015-05-26T09:07:02+00:00 ERR (3): Warning: SimpleXMLElement::__construct():               ^  in /Users/olegstupak/Documents/Projects/4market.de/dev.4market.de/galerieschiene.net/app/code/core/Mage/AdminNotification/Model/Feed.php on line 173
2015-05-26T09:17:07+00:00 ERR (3): Notice: Undefined index: slides  in /Users/olegstupak/Documents/Projects/4market.de/dev.4market.de/galerieschiene.net/app/code/community/ISM/Slider/controllers/SliderController.php on line 72
2015-05-26T09:17:07+00:00 ERR (3): Warning: Invalid argument supplied for foreach()  in /Users/olegstupak/Documents/Projects/4market.de/dev.4market.de/galerieschiene.net/app/code/community/ISM/Slider/controllers/SliderController.php on line 72
2015-05-26T09:17:07+00:00 ERR (3): Notice: Undefined index: slides  in /Users/olegstupak/Documents/Projects/4market.de/dev.4market.de/galerieschiene.net/app/code/community/ISM/Slider/controllers/SliderController.php on line 79
2015-05-26T09:17:07+00:00 ERR (3): Warning: Invalid argument supplied for foreach()  in /Users/olegstupak/Documents/Projects/4market.de/dev.4market.de/galerieschiene.net/app/code/community/ISM/Slider/controllers/SliderController.php on line 79
2015-05-26T09:22:40+00:00 ERR (3): Warning: chmod() expects exactly 2 parameters, 3 given  in /Users/olegstupak/Documents/Projects/4market.de/dev.4market.de/galerieschiene.net/app/code/community/ISM/Slider/controllers/SliderController.php on line 102
2015-05-26T10:13:26+00:00 ERR (3): Warning: SimpleXMLElement::__construct(): Entity: line 1: parser error : Space required after the Public Identifier  in /Users/olegstupak/Documents/Projects/4market.de/dev.4market.de/galerieschiene.net/app/code/core/Mage/AdminNotification/Model/Feed.php on line 173
2015-05-26T10:13:26+00:00 ERR (3): Warning: SimpleXMLElement::__construct(): &lt;!DOCTYPE HTML PUBLIC &quot;-//IETF//DTD HTML 2.0//EN&quot;&gt;  in /Users/olegstupak/Documents/Projects/4market.de/dev.4market.de/galerieschiene.net/app/code/core/Mage/AdminNotification/Model/Feed.php on line 173
2015-05-26T10:13:26+00:00 ERR (3): Warning: SimpleXMLElement::__construct():                                                  ^  in /Users/olegstupak/Documents/Projects/4market.de/dev.4market.de/galerieschiene.net/app/code/core/Mage/AdminNotification/Model/Feed.php on line 173
2015-05-26T10:13:26+00:00 ERR (3): Warning: SimpleXMLElement::__construct(): Entity: line 1: parser error : SystemLiteral &quot; or ' expected  in /Users/olegstupak/Documents/Projects/4market.de/dev.4market.de/galerieschiene.net/app/code/core/Mage/AdminNotification/Model/Feed.php on line 173
2015-05-26T10:13:26+00:00 ERR (3): Warning: SimpleXMLElement::__construct(): &lt;!DOCTYPE HTML PUBLIC &quot;-//IETF//DTD HTML 2.0//EN&quot;&gt;  in /Users/olegstupak/Documents/Projects/4market.de/dev.4market.de/galerieschiene.net/app/code/core/Mage/AdminNotification/Model/Feed.php on line 173
2015-05-26T10:13:26+00:00 ERR (3): Warning: SimpleXMLElement::__construct():                                                  ^  in /Users/olegstupak/Documents/Projects/4market.de/dev.4market.de/galerieschiene.net/app/code/core/Mage/AdminNotification/Model/Feed.php on line 173
2015-05-26T10:13:26+00:00 ERR (3): Warning: SimpleXMLElement::__construct(): Entity: line 1: parser error : SYSTEM or PUBLIC, the URI is missing  in /Users/olegstupak/Documents/Projects/4market.de/dev.4market.de/galerieschiene.net/app/code/core/Mage/AdminNotification/Model/Feed.php on line 173
2015-05-26T10:13:26+00:00 ERR (3): Warning: SimpleXMLElement::__construct(): &lt;!DOCTYPE HTML PUBLIC &quot;-//IETF//DTD HTML 2.0//EN&quot;&gt;  in /Users/olegstupak/Documents/Projects/4market.de/dev.4market.de/galerieschiene.net/app/code/core/Mage/AdminNotification/Model/Feed.php on line 173
2015-05-26T10:13:26+00:00 ERR (3): Warning: SimpleXMLElement::__construct():                                                  ^  in /Users/olegstupak/Documents/Projects/4market.de/dev.4market.de/galerieschiene.net/app/code/core/Mage/AdminNotification/Model/Feed.php on line 173
2015-05-26T10:13:26+00:00 ERR (3): Warning: SimpleXMLElement::__construct(): Entity: line 9: parser error : Opening and ending tag mismatch: hr line 7 and body  in /Users/olegstupak/Documents/Projects/4market.de/dev.4market.de/galerieschiene.net/app/code/core/Mage/AdminNotification/Model/Feed.php on line 173
2015-05-26T10:13:26+00:00 ERR (3): Warning: SimpleXMLElement::__construct(): &lt;/body&gt;&lt;/html&gt;  in /Users/olegstupak/Documents/Projects/4market.de/dev.4market.de/galerieschiene.net/app/code/core/Mage/AdminNotification/Model/Feed.php on line 173
2015-05-26T10:13:26+00:00 ERR (3): Warning: SimpleXMLElement::__construct():        ^  in /Users/olegstupak/Documents/Projects/4market.de/dev.4market.de/galerieschiene.net/app/code/core/Mage/AdminNotification/Model/Feed.php on line 173
2015-05-26T10:13:26+00:00 ERR (3): Warning: SimpleXMLElement::__construct(): Entity: line 9: parser error : Opening and ending tag mismatch: body line 4 and html  in /Users/olegstupak/Documents/Projects/4market.de/dev.4market.de/galerieschiene.net/app/code/core/Mage/AdminNotification/Model/Feed.php on line 173
2015-05-26T10:13:26+00:00 ERR (3): Warning: SimpleXMLElement::__construct(): &lt;/body&gt;&lt;/html&gt;  in /Users/olegstupak/Documents/Projects/4market.de/dev.4market.de/galerieschiene.net/app/code/core/Mage/AdminNotification/Model/Feed.php on line 173
2015-05-26T10:13:26+00:00 ERR (3): Warning: SimpleXMLElement::__construct():               ^  in /Users/olegstupak/Documents/Projects/4market.de/dev.4market.de/galerieschiene.net/app/code/core/Mage/AdminNotification/Model/Feed.php on line 173
2015-05-26T10:13:26+00:00 ERR (3): Warning: SimpleXMLElement::__construct(): Entity: line 9: parser error : Premature end of data in tag html line 2  in /Users/olegstupak/Documents/Projects/4market.de/dev.4market.de/galerieschiene.net/app/code/core/Mage/AdminNotification/Model/Feed.php on line 173
2015-05-26T10:13:26+00:00 ERR (3): Warning: SimpleXMLElement::__construct(): &lt;/body&gt;&lt;/html&gt;  in /Users/olegstupak/Documents/Projects/4market.de/dev.4market.de/galerieschiene.net/app/code/core/Mage/AdminNotification/Model/Feed.php on line 173
2015-05-26T10:13:26+00:00 ERR (3): Warning: SimpleXMLElement::__construct():               ^  in /Users/olegstupak/Documents/Projects/4market.de/dev.4market.de/galerieschiene.net/app/code/core/Mage/AdminNotification/Model/Feed.php on line 173
2015-05-26T10:14:38+00:00 ERR (3): Warning: chmod() expects exactly 2 parameters, 3 given  in /Users/olegstupak/Documents/Projects/4market.de/dev.4market.de/galerieschiene.net/app/code/community/ISM/Slider/controllers/SliderController.php on line 102
2015-05-26T10:18:58+00:00 ERR (3): Notice: Undefined variable: _nav  in /Users/olegstupak/Documents/Projects/4market.de/dev.4market.de/galerieschiene.net/app/design/frontend/base/default/template/ism/slider/slider.phtml on line 34
2015-05-26T10:23:38+00:00 ERR (3): Notice: Undefined variable: _nav  in /Users/olegstupak/Documents/Projects/4market.de/dev.4market.de/galerieschiene.net/app/design/frontend/base/default/template/ism/slider/slider.phtml on line 34
2015-05-26T10:33:03+00:00 ERR (3): Notice: Undefined variable: _nav  in /Users/olegstupak/Documents/Projects/4market.de/dev.4market.de/galerieschiene.net/app/design/frontend/base/default/template/ism/slider/slider.phtml on line 34
2015-05-26T10:43:27+00:00 ERR (3): Notice: Undefined variable: soreId  in /Users/olegstupak/Documents/Projects/4market.de/dev.4market.de/galerieschiene.net/app/design/frontend/market/default/template/page/html/header.phtml on line 30
2015-05-26T10:43:28+00:00 ERR (3): Notice: Undefined variable: _nav  in /Users/olegstupak/Documents/Projects/4market.de/dev.4market.de/galerieschiene.net/app/design/frontend/base/default/template/ism/slider/slider.phtml on line 34
2015-05-26T10:43:30+00:00 ERR (3): Notice: Undefined variable: soreId  in /Users/olegstupak/Documents/Projects/4market.de/dev.4market.de/galerieschiene.net/app/design/frontend/market/default/template/page/html/header.phtml on line 30
2015-05-26T10:43:30+00:00 ERR (3): Notice: Undefined variable: soreId  in /Users/olegstupak/Documents/Projects/4market.de/dev.4market.de/galerieschiene.net/app/design/frontend/market/default/template/page/html/header.phtml on line 30
2015-05-26T10:43:30+00:00 ERR (3): Notice: Undefined variable: soreId  in /Users/olegstupak/Documents/Projects/4market.de/dev.4market.de/galerieschiene.net/app/design/frontend/market/default/template/page/html/header.phtml on line 30
2015-05-26T10:43:32+00:00 ERR (3): Notice: Undefined variable: soreId  in /Users/olegstupak/Documents/Projects/4market.de/dev.4market.de/galerieschiene.net/app/design/frontend/market/default/template/page/html/header.phtml on line 30
2015-05-26T10:43:43+00:00 ERR (3): Notice: Undefined variable: soreId  in /Users/olegstupak/Documents/Projects/4market.de/dev.4market.de/galerieschiene.net/app/design/frontend/market/default/template/page/html/header.phtml on line 30
2015-05-26T10:43:43+00:00 ERR (3): Notice: Undefined variable: _nav  in /Users/olegstupak/Documents/Projects/4market.de/dev.4market.de/galerieschiene.net/app/design/frontend/base/default/template/ism/slider/slider.phtml on line 34
2015-05-26T10:43:45+00:00 ERR (3): Notice: Undefined variable: soreId  in /Users/olegstupak/Documents/Projects/4market.de/dev.4market.de/galerieschiene.net/app/design/frontend/market/default/template/page/html/header.phtml on line 30
2015-05-26T10:43:45+00:00 ERR (3): Notice: Undefined variable: soreId  in /Users/olegstupak/Documents/Projects/4market.de/dev.4market.de/galerieschiene.net/app/design/frontend/market/default/template/page/html/header.phtml on line 30
2015-05-26T10:43:45+00:00 ERR (3): Notice: Undefined variable: soreId  in /Users/olegstupak/Documents/Projects/4market.de/dev.4market.de/galerieschiene.net/app/design/frontend/market/default/template/page/html/header.phtml on line 30
2015-05-26T10:43:47+00:00 ERR (3): Notice: Undefined variable: soreId  in /Users/olegstupak/Documents/Projects/4market.de/dev.4market.de/galerieschiene.net/app/design/frontend/market/default/template/page/html/header.phtml on line 30
2015-05-26T10:44:03+00:00 ERR (3): Notice: Undefined variable: soreId  in /Users/olegstupak/Documents/Projects/4market.de/dev.4market.de/galerieschiene.net/app/design/frontend/market/default/template/page/html/header.phtml on line 30
2015-05-26T10:44:03+00:00 ERR (3): Notice: Undefined variable: _nav  in /Users/olegstupak/Documents/Projects/4market.de/dev.4market.de/galerieschiene.net/app/design/frontend/base/default/template/ism/slider/slider.phtml on line 34
2015-05-26T10:44:06+00:00 ERR (3): Notice: Undefined variable: soreId  in /Users/olegstupak/Documents/Projects/4market.de/dev.4market.de/galerieschiene.net/app/design/frontend/market/default/template/page/html/header.phtml on line 30
2015-05-26T10:44:06+00:00 ERR (3): Notice: Undefined variable: soreId  in /Users/olegstupak/Documents/Projects/4market.de/dev.4market.de/galerieschiene.net/app/design/frontend/market/default/template/page/html/header.phtml on line 30
2015-05-26T10:44:06+00:00 ERR (3): Notice: Undefined variable: soreId  in /Users/olegstupak/Documents/Projects/4market.de/dev.4market.de/galerieschiene.net/app/design/frontend/market/default/template/page/html/header.phtml on line 30
2015-05-26T10:44:08+00:00 ERR (3): Notice: Undefined variable: soreId  in /Users/olegstupak/Documents/Projects/4market.de/dev.4market.de/galerieschiene.net/app/design/frontend/market/default/template/page/html/header.phtml on line 30
2015-05-26T10:44:24+00:00 ERR (3): Notice: Undefined variable: soreId  in /Users/olegstupak/Documents/Projects/4market.de/dev.4market.de/galerieschiene.net/app/design/frontend/market/default/template/page/html/header.phtml on line 30
2015-05-26T10:44:24+00:00 ERR (3): Notice: Undefined variable: _nav  in /Users/olegstupak/Documents/Projects/4market.de/dev.4market.de/galerieschiene.net/app/design/frontend/base/default/template/ism/slider/slider.phtml on line 34
2015-05-26T10:44:27+00:00 ERR (3): Notice: Undefined variable: soreId  in /Users/olegstupak/Documents/Projects/4market.de/dev.4market.de/galerieschiene.net/app/design/frontend/market/default/template/page/html/header.phtml on line 30
2015-05-26T10:44:27+00:00 ERR (3): Notice: Undefined variable: soreId  in /Users/olegstupak/Documents/Projects/4market.de/dev.4market.de/galerieschiene.net/app/design/frontend/market/default/template/page/html/header.phtml on line 30
2015-05-26T10:44:27+00:00 ERR (3): Notice: Undefined variable: soreId  in /Users/olegstupak/Documents/Projects/4market.de/dev.4market.de/galerieschiene.net/app/design/frontend/market/default/template/page/html/header.phtml on line 30
2015-05-26T10:44:29+00:00 ERR (3): Notice: Undefined variable: soreId  in /Users/olegstupak/Documents/Projects/4market.de/dev.4market.de/galerieschiene.net/app/design/frontend/market/default/template/page/html/header.phtml on line 30
2015-05-26T10:47:53+00:00 ERR (3): Notice: Undefined variable: soreId  in /Users/olegstupak/Documents/Projects/4market.de/dev.4market.de/galerieschiene.net/app/design/frontend/market/default/template/page/html/header.phtml on line 30
2015-05-26T10:47:53+00:00 ERR (3): Notice: Undefined variable: _nav  in /Users/olegstupak/Documents/Projects/4market.de/dev.4market.de/galerieschiene.net/app/design/frontend/base/default/template/ism/slider/slider.phtml on line 34
2015-05-26T10:49:46+00:00 ERR (3): Notice: Undefined variable: soreId  in /Users/olegstupak/Documents/Projects/4market.de/dev.4market.de/galerieschiene.net/app/design/frontend/market/default/template/page/html/header.phtml on line 30
2015-05-26T10:49:46+00:00 ERR (3): Notice: Undefined variable: _nav  in /Users/olegstupak/Documents/Projects/4market.de/dev.4market.de/galerieschiene.net/app/design/frontend/base/default/template/ism/slider/slider.phtml on line 34
2015-05-26T10:49:49+00:00 ERR (3): Notice: Undefined variable: soreId  in /Users/olegstupak/Documents/Projects/4market.de/dev.4market.de/galerieschiene.net/app/design/frontend/market/default/template/page/html/header.phtml on line 30
2015-05-26T10:49:49+00:00 ERR (3): Notice: Undefined variable: soreId  in /Users/olegstupak/Documents/Projects/4market.de/dev.4market.de/galerieschiene.net/app/design/frontend/market/default/template/page/html/header.phtml on line 30
2015-05-26T10:49:49+00:00 ERR (3): Notice: Undefined variable: soreId  in /Users/olegstupak/Documents/Projects/4market.de/dev.4market.de/galerieschiene.net/app/design/frontend/market/default/template/page/html/header.phtml on line 30
2015-05-26T10:49:51+00:00 ERR (3): Notice: Undefined variable: soreId  in /Users/olegstupak/Documents/Projects/4market.de/dev.4market.de/galerieschiene.net/app/design/frontend/market/default/template/page/html/header.phtml on line 30
2015-05-26T10:49:51+00:00 ERR (3): Notice: Undefined variable: soreId  in /Users/olegstupak/Documents/Projects/4market.de/dev.4market.de/galerieschiene.net/app/design/frontend/market/default/template/page/html/header.phtml on line 30
2015-05-26T10:50:32+00:00 ERR (3): Notice: Undefined variable: soreId  in /Users/olegstupak/Documents/Projects/4market.de/dev.4market.de/galerieschiene.net/app/design/frontend/market/default/template/page/html/header.phtml on line 30
2015-05-26T10:50:32+00:00 ERR (3): Notice: Undefined variable: _nav  in /Users/olegstupak/Documents/Projects/4market.de/dev.4market.de/galerieschiene.net/app/design/frontend/base/default/template/ism/slider/slider.phtml on line 34
2015-05-26T10:50:35+00:00 ERR (3): Notice: Undefined variable: soreId  in /Users/olegstupak/Documents/Projects/4market.de/dev.4market.de/galerieschiene.net/app/design/frontend/market/default/template/page/html/header.phtml on line 30
2015-05-26T10:50:35+00:00 ERR (3): Notice: Undefined variable: soreId  in /Users/olegstupak/Documents/Projects/4market.de/dev.4market.de/galerieschiene.net/app/design/frontend/market/default/template/page/html/header.phtml on line 30
2015-05-26T10:50:35+00:00 ERR (3): Notice: Undefined variable: soreId  in /Users/olegstupak/Documents/Projects/4market.de/dev.4market.de/galerieschiene.net/app/design/frontend/market/default/template/page/html/header.phtml on line 30
2015-05-26T10:50:37+00:00 ERR (3): Notice: Undefined variable: soreId  in /Users/olegstupak/Documents/Projects/4market.de/dev.4market.de/galerieschiene.net/app/design/frontend/market/default/template/page/html/header.phtml on line 30
2015-05-26T10:50:37+00:00 ERR (3): Notice: Undefined variable: soreId  in /Users/olegstupak/Documents/Projects/4market.de/dev.4market.de/galerieschiene.net/app/design/frontend/market/default/template/page/html/header.phtml on line 30
2015-05-26T10:50:39+00:00 ERR (3): Notice: Undefined variable: soreId  in /Users/olegstupak/Documents/Projects/4market.de/dev.4market.de/galerieschiene.net/app/design/frontend/market/default/template/page/html/header.phtml on line 30
2015-05-26T10:50:41+00:00 ERR (3): Notice: Undefined variable: soreId  in /Users/olegstupak/Documents/Projects/4market.de/dev.4market.de/galerieschiene.net/app/design/frontend/market/default/template/page/html/header.phtml on line 30
2015-05-26T10:50:41+00:00 ERR (3): Notice: Undefined variable: _nav  in /Users/olegstupak/Documents/Projects/4market.de/dev.4market.de/galerieschiene.net/app/design/frontend/base/default/template/ism/slider/slider.phtml on line 34
2015-05-26T10:52:39+00:00 ERR (3): Notice: Undefined variable: soreId  in /Users/olegstupak/Documents/Projects/4market.de/dev.4market.de/galerieschiene.net/app/design/frontend/market/default/template/page/html/header.phtml on line 30
2015-05-26T10:52:39+00:00 ERR (3): Notice: Undefined variable: _nav  in /Users/olegstupak/Documents/Projects/4market.de/dev.4market.de/galerieschiene.net/app/design/frontend/base/default/template/ism/slider/slider.phtml on line 34
2015-05-26T10:52:42+00:00 ERR (3): Notice: Undefined variable: soreId  in /Users/olegstupak/Documents/Projects/4market.de/dev.4market.de/galerieschiene.net/app/design/frontend/market/default/template/page/html/header.phtml on line 30
2015-05-26T10:52:42+00:00 ERR (3): Notice: Undefined variable: soreId  in /Users/olegstupak/Documents/Projects/4market.de/dev.4market.de/galerieschiene.net/app/design/frontend/market/default/template/page/html/header.phtml on line 30
2015-05-26T10:52:42+00:00 ERR (3): Notice: Undefined variable: soreId  in /Users/olegstupak/Documents/Projects/4market.de/dev.4market.de/galerieschiene.net/app/design/frontend/market/default/template/page/html/header.phtml on line 30
2015-05-26T10:52:44+00:00 ERR (3): Notice: Undefined variable: soreId  in /Users/olegstupak/Documents/Projects/4market.de/dev.4market.de/galerieschiene.net/app/design/frontend/market/default/template/page/html/header.phtml on line 30
2015-05-26T10:53:16+00:00 ERR (3): Notice: Undefined variable: soreId  in /Users/olegstupak/Documents/Projects/4market.de/dev.4market.de/galerieschiene.net/app/design/frontend/market/default/template/page/html/header.phtml on line 30
2015-05-26T10:53:16+00:00 ERR (3): Notice: Undefined variable: _nav  in /Users/olegstupak/Documents/Projects/4market.de/dev.4market.de/galerieschiene.net/app/design/frontend/base/default/template/ism/slider/slider.phtml on line 34
2015-05-26T10:53:18+00:00 ERR (3): Notice: Undefined variable: soreId  in /Users/olegstupak/Documents/Projects/4market.de/dev.4market.de/galerieschiene.net/app/design/frontend/market/default/template/page/html/header.phtml on line 30
2015-05-26T10:53:18+00:00 ERR (3): Notice: Undefined variable: soreId  in /Users/olegstupak/Documents/Projects/4market.de/dev.4market.de/galerieschiene.net/app/design/frontend/market/default/template/page/html/header.phtml on line 30
2015-05-26T10:53:19+00:00 ERR (3): Notice: Undefined variable: soreId  in /Users/olegstupak/Documents/Projects/4market.de/dev.4market.de/galerieschiene.net/app/design/frontend/market/default/template/page/html/header.phtml on line 30
2015-05-26T10:53:39+00:00 ERR (3): Notice: Undefined variable: soreId  in /Users/olegstupak/Documents/Projects/4market.de/dev.4market.de/galerieschiene.net/app/design/frontend/market/default/template/page/html/header.phtml on line 30
2015-05-26T10:53:39+00:00 ERR (3): Notice: Undefined variable: _nav  in /Users/olegstupak/Documents/Projects/4market.de/dev.4market.de/galerieschiene.net/app/design/frontend/base/default/template/ism/slider/slider.phtml on line 34
2015-05-26T10:53:42+00:00 ERR (3): Notice: Undefined variable: soreId  in /Users/olegstupak/Documents/Projects/4market.de/dev.4market.de/galerieschiene.net/app/design/frontend/market/default/template/page/html/header.phtml on line 30
2015-05-26T10:53:42+00:00 ERR (3): Notice: Undefined variable: soreId  in /Users/olegstupak/Documents/Projects/4market.de/dev.4market.de/galerieschiene.net/app/design/frontend/market/default/template/page/html/header.phtml on line 30
2015-05-26T10:53:42+00:00 ERR (3): Notice: Undefined variable: soreId  in /Users/olegstupak/Documents/Projects/4market.de/dev.4market.de/galerieschiene.net/app/design/frontend/market/default/template/page/html/header.phtml on line 30
2015-05-26T10:57:00+00:00 ERR (3): Notice: Undefined variable: soreId  in /Users/olegstupak/Documents/Projects/4market.de/dev.4market.de/galerieschiene.net/app/design/frontend/market/default/template/page/html/header.phtml on line 30
2015-05-26T10:57:01+00:00 ERR (3): Notice: Undefined variable: _nav  in /Users/olegstupak/Documents/Projects/4market.de/dev.4market.de/galerieschiene.net/app/design/frontend/base/default/template/ism/slider/slider.phtml on line 34
2015-05-26T10:57:03+00:00 ERR (3): Notice: Undefined variable: soreId  in /Users/olegstupak/Documents/Projects/4market.de/dev.4market.de/galerieschiene.net/app/design/frontend/market/default/template/page/html/header.phtml on line 30
2015-05-26T10:57:03+00:00 ERR (3): Notice: Undefined variable: soreId  in /Users/olegstupak/Documents/Projects/4market.de/dev.4market.de/galerieschiene.net/app/design/frontend/market/default/template/page/html/header.phtml on line 30
2015-05-26T10:57:03+00:00 ERR (3): Notice: Undefined variable: soreId  in /Users/olegstupak/Documents/Projects/4market.de/dev.4market.de/galerieschiene.net/app/design/frontend/market/default/template/page/html/header.phtml on line 30
2015-05-26T10:57:43+00:00 ERR (3): Notice: Undefined variable: soreId  in /Users/olegstupak/Documents/Projects/4market.de/dev.4market.de/galerieschiene.net/app/design/frontend/market/default/template/page/html/header.phtml on line 30
2015-05-26T10:57:43+00:00 ERR (3): Notice: Undefined variable: _nav  in /Users/olegstupak/Documents/Projects/4market.de/dev.4market.de/galerieschiene.net/app/design/frontend/base/default/template/ism/slider/slider.phtml on line 34
2015-05-26T10:59:25+00:00 ERR (3): Notice: Undefined variable: soreId  in /Users/olegstupak/Documents/Projects/4market.de/dev.4market.de/galerieschiene.net/app/design/frontend/market/default/template/page/html/header.phtml on line 30
2015-05-26T10:59:26+00:00 ERR (3): Notice: Undefined variable: _nav  in /Users/olegstupak/Documents/Projects/4market.de/dev.4market.de/galerieschiene.net/app/design/frontend/base/default/template/ism/slider/slider.phtml on line 34
2015-05-26T10:59:28+00:00 ERR (3): Notice: Undefined variable: soreId  in /Users/olegstupak/Documents/Projects/4market.de/dev.4market.de/galerieschiene.net/app/design/frontend/market/default/template/page/html/header.phtml on line 30
2015-05-26T10:59:28+00:00 ERR (3): Notice: Undefined variable: soreId  in /Users/olegstupak/Documents/Projects/4market.de/dev.4market.de/galerieschiene.net/app/design/frontend/market/default/template/page/html/header.phtml on line 30
2015-05-26T10:59:28+00:00 ERR (3): Notice: Undefined variable: soreId  in /Users/olegstupak/Documents/Projects/4market.de/dev.4market.de/galerieschiene.net/app/design/frontend/market/default/template/page/html/header.phtml on line 30
2015-05-26T10:59:31+00:00 ERR (3): Notice: Undefined variable: soreId  in /Users/olegstupak/Documents/Projects/4market.de/dev.4market.de/galerieschiene.net/app/design/frontend/market/default/template/page/html/header.phtml on line 30
2015-05-26T11:00:02+00:00 ERR (3): Notice: Undefined variable: soreId  in /Users/olegstupak/Documents/Projects/4market.de/dev.4market.de/galerieschiene.net/app/design/frontend/market/default/template/page/html/header.phtml on line 30
2015-05-26T11:00:02+00:00 ERR (3): Notice: Undefined variable: _nav  in /Users/olegstupak/Documents/Projects/4market.de/dev.4market.de/galerieschiene.net/app/design/frontend/base/default/template/ism/slider/slider.phtml on line 34
2015-05-26T11:00:05+00:00 ERR (3): Notice: Undefined variable: soreId  in /Users/olegstupak/Documents/Projects/4market.de/dev.4market.de/galerieschiene.net/app/design/frontend/market/default/template/page/html/header.phtml on line 30
2015-05-26T11:00:05+00:00 ERR (3): Notice: Undefined variable: soreId  in /Users/olegstupak/Documents/Projects/4market.de/dev.4market.de/galerieschiene.net/app/design/frontend/market/default/template/page/html/header.phtml on line 30
2015-05-26T11:00:05+00:00 ERR (3): Notice: Undefined variable: soreId  in /Users/olegstupak/Documents/Projects/4market.de/dev.4market.de/galerieschiene.net/app/design/frontend/market/default/template/page/html/header.phtml on line 30
2015-05-26T11:00:07+00:00 ERR (3): Notice: Undefined variable: soreId  in /Users/olegstupak/Documents/Projects/4market.de/dev.4market.de/galerieschiene.net/app/design/frontend/market/default/template/page/html/header.phtml on line 30
2015-05-26T11:00:39+00:00 ERR (3): Notice: Undefined variable: soreId  in /Users/olegstupak/Documents/Projects/4market.de/dev.4market.de/galerieschiene.net/app/design/frontend/market/default/template/page/html/header.phtml on line 30
2015-05-26T11:00:39+00:00 ERR (3): Notice: Undefined variable: _nav  in /Users/olegstupak/Documents/Projects/4market.de/dev.4market.de/galerieschiene.net/app/design/frontend/base/default/template/ism/slider/slider.phtml on line 34
2015-05-26T11:00:41+00:00 ERR (3): Notice: Undefined variable: soreId  in /Users/olegstupak/Documents/Projects/4market.de/dev.4market.de/galerieschiene.net/app/design/frontend/market/default/template/page/html/header.phtml on line 30
2015-05-26T11:00:41+00:00 ERR (3): Notice: Undefined variable: soreId  in /Users/olegstupak/Documents/Projects/4market.de/dev.4market.de/galerieschiene.net/app/design/frontend/market/default/template/page/html/header.phtml on line 30
2015-05-26T11:00:41+00:00 ERR (3): Notice: Undefined variable: soreId  in /Users/olegstupak/Documents/Projects/4market.de/dev.4market.de/galerieschiene.net/app/design/frontend/market/default/template/page/html/header.phtml on line 30
2015-05-26T11:00:43+00:00 ERR (3): Notice: Undefined variable: soreId  in /Users/olegstupak/Documents/Projects/4market.de/dev.4market.de/galerieschiene.net/app/design/frontend/market/default/template/page/html/header.phtml on line 30
2015-05-26T11:01:42+00:00 ERR (3): Notice: Undefined variable: soreId  in /Users/olegstupak/Documents/Projects/4market.de/dev.4market.de/galerieschiene.net/app/design/frontend/market/default/template/page/html/header.phtml on line 30
2015-05-26T11:01:42+00:00 ERR (3): Notice: Undefined variable: _nav  in /Users/olegstupak/Documents/Projects/4market.de/dev.4market.de/galerieschiene.net/app/design/frontend/base/default/template/ism/slider/slider.phtml on line 34
2015-05-26T11:01:45+00:00 ERR (3): Notice: Undefined variable: soreId  in /Users/olegstupak/Documents/Projects/4market.de/dev.4market.de/galerieschiene.net/app/design/frontend/market/default/template/page/html/header.phtml on line 30
2015-05-26T11:01:45+00:00 ERR (3): Notice: Undefined variable: soreId  in /Users/olegstupak/Documents/Projects/4market.de/dev.4market.de/galerieschiene.net/app/design/frontend/market/default/template/page/html/header.phtml on line 30
2015-05-26T11:01:45+00:00 ERR (3): Notice: Undefined variable: soreId  in /Users/olegstupak/Documents/Projects/4market.de/dev.4market.de/galerieschiene.net/app/design/frontend/market/default/template/page/html/header.phtml on line 30
2015-05-26T11:01:47+00:00 ERR (3): Notice: Undefined variable: soreId  in /Users/olegstupak/Documents/Projects/4market.de/dev.4market.de/galerieschiene.net/app/design/frontend/market/default/template/page/html/header.phtml on line 30
2015-05-26T11:02:16+00:00 ERR (3): Notice: Undefined variable: soreId  in /Users/olegstupak/Documents/Projects/4market.de/dev.4market.de/galerieschiene.net/app/design/frontend/market/default/template/page/html/header.phtml on line 30
2015-05-26T11:02:16+00:00 ERR (3): Notice: Undefined variable: _nav  in /Users/olegstupak/Documents/Projects/4market.de/dev.4market.de/galerieschiene.net/app/design/frontend/base/default/template/ism/slider/slider.phtml on line 34
2015-05-26T11:13:26+00:00 ERR (3): Notice: Undefined variable: soreId  in /Users/olegstupak/Documents/Projects/4market.de/dev.4market.de/galerieschiene.net/app/design/frontend/market/default/template/page/html/header.phtml on line 30
2015-05-26T11:13:29+00:00 ERR (3): Notice: Undefined variable: _nav  in /Users/olegstupak/Documents/Projects/4market.de/dev.4market.de/galerieschiene.net/app/design/frontend/base/default/template/ism/slider/slider.phtml on line 34
2015-05-26T11:13:49+00:00 ERR (3): Notice: Undefined variable: soreId  in /Users/olegstupak/Documents/Projects/4market.de/dev.4market.de/galerieschiene.net/app/design/frontend/market/default/template/page/html/header.phtml on line 30
2015-05-26T11:13:51+00:00 ERR (3): Warning: include(Mage/Codevog/Options/Helper/Data.php): failed to open stream: No such file or directory  in /Users/olegstupak/Documents/Projects/4market.de/dev.4market.de/galerieschiene.net/lib/Varien/Autoload.php on line 93
2015-05-26T11:13:51+00:00 ERR (3): Warning: include(): Failed opening 'Mage/Codevog/Options/Helper/Data.php' for inclusion (include_path='/Users/olegstupak/Documents/Projects/4market.de/dev.4market.de/galerieschiene.net/app/code/local:/Users/olegstupak/Documents/Projects/4market.de/dev.4market.de/galerieschiene.net/app/code/community:/Users/olegstupak/Documents/Projects/4market.de/dev.4market.de/galerieschiene.net/app/code/core:/Users/olegstupak/Documents/Projects/4market.de/dev.4market.de/galerieschiene.net/lib:.:/Applications/MAMP/bin/php/php5.4.34/lib/php')  in /Users/olegstupak/Documents/Projects/4market.de/dev.4market.de/galerieschiene.net/lib/Varien/Autoload.php on line 93
2015-05-26T11:13:56+00:00 ERR (3): Notice: Undefined variable: soreId  in /Users/olegstupak/Documents/Projects/4market.de/dev.4market.de/galerieschiene.net/app/design/frontend/market/default/template/page/html/header.phtml on line 30
2015-05-26T11:13:57+00:00 ERR (3): Notice: Undefined variable: soreId  in /Users/olegstupak/Documents/Projects/4market.de/dev.4market.de/galerieschiene.net/app/design/frontend/market/default/template/page/html/header.phtml on line 30
2015-05-26T11:14:16+00:00 ERR (3): Notice: Undefined variable: soreId  in /Users/olegstupak/Documents/Projects/4market.de/dev.4market.de/galerieschiene.net/app/design/frontend/market/default/template/page/html/header.phtml on line 30
2015-05-26T11:14:17+00:00 ERR (3): Notice: Undefined variable: _nav  in /Users/olegstupak/Documents/Projects/4market.de/dev.4market.de/galerieschiene.net/app/design/frontend/base/default/template/ism/slider/slider.phtml on line 34
2015-05-26T11:14:21+00:00 ERR (3): Notice: Undefined variable: soreId  in /Users/olegstupak/Documents/Projects/4market.de/dev.4market.de/galerieschiene.net/app/design/frontend/market/default/template/page/html/header.phtml on line 30
2015-05-26T11:14:21+00:00 ERR (3): Notice: Undefined variable: soreId  in /Users/olegstupak/Documents/Projects/4market.de/dev.4market.de/galerieschiene.net/app/design/frontend/market/default/template/page/html/header.phtml on line 30
2015-05-26T11:14:21+00:00 ERR (3): Notice: Undefined variable: soreId  in /Users/olegstupak/Documents/Projects/4market.de/dev.4market.de/galerieschiene.net/app/design/frontend/market/default/template/page/html/header.phtml on line 30
